Using pre-set license
Built from '2021.3/evg/staging/82bb020e-b03b1330/draft-0' branch; Version is '2021.3.16f1 (4016570cf34f) revision 4200023'; Using compiler version '192829333'; Build Type 'Release'
OS: 'Windows 11  (10.0.26100) 64bit Professional' Language: 'ko' Physical Memory: 8037 MB
BatchMode: 1, IsHumanControllingUs: 0, StartBugReporterOnCrash: 0, Is64bit: 1, IsPro: 1

COMMAND LINE ARGUMENTS:
C:\Program Files\Unity\Hub\Editor\2021.3.16f1\Editor\Unity.exe
-adb2
-batchMode
-noUpm
-name
AssetImportWorker4
-projectPath
E:/TankSurvivors/TankSurvivors
-logFile
Logs/AssetImportWorker4.log
-srvPort
1446
Successfully changed project path to: E:/TankSurvivors/TankSurvivors
E:/TankSurvivors/TankSurvivors
[UnityMemory] Configuration Parameters - Can be set up in boot.config
    "memorysetup-bucket-allocator-granularity=16"
    "memorysetup-bucket-allocator-bucket-count=8"
    "memorysetup-bucket-allocator-block-size=33554432"
    "memorysetup-bucket-allocator-block-count=8"
    "memorysetup-main-allocator-block-size=16777216"
    "memorysetup-thread-allocator-block-size=16777216"
    "memorysetup-gfx-main-allocator-block-size=16777216"
    "memorysetup-gfx-thread-allocator-block-size=16777216"
    "memorysetup-cache-allocator-block-size=4194304"
    "memorysetup-typetree-allocator-block-size=2097152"
    "memorysetup-profiler-bucket-allocator-granularity=16"
    "memorysetup-profiler-bucket-allocator-bucket-count=8"
    "memorysetup-profiler-bucket-allocator-block-size=33554432"
    "memorysetup-profiler-bucket-allocator-block-count=8"
    "memorysetup-profiler-allocator-block-size=16777216"
    "memorysetup-profiler-editor-allocator-block-size=1048576"
    "memorysetup-temp-allocator-size-main=16777216"
    "memorysetup-job-temp-allocator-block-size=2097152"
    "memorysetup-job-temp-allocator-block-size-background=1048576"
    "memorysetup-job-temp-allocator-reduction-small-platforms=262144"
    "memorysetup-temp-allocator-size-background-worker=32768"
    "memorysetup-temp-allocator-size-job-worker=262144"
    "memorysetup-temp-allocator-size-preload-manager=33554432"
    "memorysetup-temp-allocator-size-nav-mesh-worker=65536"
    "memorysetup-temp-allocator-size-audio-worker=65536"
    "memorysetup-temp-allocator-size-cloud-worker=32768"
    "memorysetup-temp-allocator-size-gi-baking-worker=262144"
    "memorysetup-temp-allocator-size-gfx=262144"
Player connection [5548] Host "[IP] 172.30.1.6 [Port] 0 [Flags] 2 [Guid] 2265483396 [EditorId] 2265483396 [Version] 1048832 [Id] WindowsEditor(7,MyPC) [Debug] 1 [PackageName] WindowsEditor [ProjectName] Editor" joined multi-casting on [225.0.0.222:54997]...

Player connection [5548] Host "[IP] 172.30.1.6 [Port] 0 [Flags] 2 [Guid] 2265483396 [EditorId] 2265483396 [Version] 1048832 [Id] WindowsEditor(7,MyPC) [Debug] 1 [PackageName] WindowsEditor [ProjectName] Editor" joined alternative multi-casting on [225.0.0.222:34997]...

Refreshing native plugins compatible for Editor in 100.84 ms, found 3 plugins.
Preloading 0 native plugins for Editor in 0.00 ms.
Initialize engine version: 2021.3.16f1 (4016570cf34f)
[Subsystems] Discovering subsystems at path C:/Program Files/Unity/Hub/Editor/2021.3.16f1/Editor/Data/Resources/UnitySubsystems
[Subsystems] Discovering subsystems at path E:/TankSurvivors/TankSurvivors/Assets
GfxDevice: creating device client; threaded=0; jobified=0
Direct3D:
    Version:  Direct3D 11.0 [level 11.1]
    Renderer: NVIDIA GeForce GTX 1050 (ID=0x1c8d)
    Vendor:   NVIDIA
    VRAM:     4007 MB
    Driver:   32.0.15.5585
Initialize mono
Mono path[0] = 'C:/Program Files/Unity/Hub/Editor/2021.3.16f1/Editor/Data/Managed'
Mono path[1] = 'C:/Program Files/Unity/Hub/Editor/2021.3.16f1/Editor/Data/MonoBleedingEdge/lib/mono/unityjit-win32'
Mono config path = 'C:/Program Files/Unity/Hub/Editor/2021.3.16f1/Editor/Data/MonoBleedingEdge/etc'
Using monoOptions --debugger-agent=transport=dt_socket,embedding=1,server=y,suspend=n,address=127.0.0.1:56280
Begin MonoManager ReloadAssembly
Registering precompiled unity dll's ...
Register platform support module: C:/Program Files/Unity/Hub/Editor/2021.3.16f1/Editor/Data/PlaybackEngines/AndroidPlayer/UnityEditor.Android.Extensions.dll
Register platform support module: C:/Program Files/Unity/Hub/Editor/2021.3.16f1/Editor/Data/PlaybackEngines/iOSSupport/UnityEditor.iOS.Extensions.dll
Register platform support module: C:/Program Files/Unity/Hub/Editor/2021.3.16f1/Editor/Data/PlaybackEngines/WindowsStandaloneSupport/UnityEditor.WindowsStandalone.Extensions.dll
Registered in 0.009716 seconds.
Native extension for WindowsStandalone target not found
[usbmuxd] Start listen thread
[usbmuxd] Listen thread started
Native extension for iOS target not found
Native extension for Android target not found
Refreshing native plugins compatible for Editor in 100.45 ms, found 3 plugins.
Preloading 0 native plugins for Editor in 0.00 ms.
Mono: successfully reloaded assembly
- Completed reload, in  1.167 seconds
Domain Reload Profiling:
	ReloadAssembly (1168ms)
		BeginReloadAssembly (142ms)
			ExecutionOrderSort (0ms)
			DisableScriptedObjects (0ms)
			BackupInstance (0ms)
			ReleaseScriptingObjects (0ms)
			CreateAndSetChildDomain (1ms)
		EndReloadAssembly (843ms)
			LoadAssemblies (140ms)
			RebuildTransferFunctionScriptingTraits (0ms)
			SetupTypeCache (185ms)
			ReleaseScriptCaches (0ms)
			RebuildScriptCaches (46ms)
			SetupLoadedEditorAssemblies (529ms)
				LogAssemblyErrors (0ms)
				InitializePlatformSupportModulesInManaged (83ms)
				SetLoadedEditorAssemblies (0ms)
				RefreshPlugins (101ms)
				BeforeProcessingInitializeOnLoad (3ms)
				ProcessInitializeOnLoadAttributes (167ms)
				ProcessInitializeOnLoadMethodAttributes (175ms)
				AfterProcessingInitializeOnLoad (0ms)
				EditorAssembliesLoaded (0ms)
			ExecutionOrderSort2 (0ms)
			AwakeInstancesAfterBackupRestoration (0ms)
Platform modules already initialized, skipping
Registering precompiled user dll's ...
Registered in 0.004680 seconds.
Begin MonoManager ReloadAssembly
Symbol file LoadedFromMemory doesn't match image E:\TankSurvivors\TankSurvivors\Library\PackageCache\com.unity.visualscripting@1.7.8\Editor\VisualScripting.Core\Dependencies\YamlDotNet\Unity.VisualScripting.YamlDotNet.dll
Symbol file LoadedFromMemory doesn't match image E:\TankSurvivors\TankSurvivors\Library\PackageCache\com.unity.visualscripting@1.7.8\Editor\VisualScripting.Core\Dependencies\DotNetZip\Unity.VisualScripting.IonicZip.dll
Native extension for WindowsStandalone target not found
Native extension for iOS target not found
Native extension for Android target not found
Refreshing native plugins compatible for Editor in 1.55 ms, found 3 plugins.
Preloading 0 native plugins for Editor in 0.00 ms.
Mono: successfully reloaded assembly
- Completed reload, in  2.290 seconds
Domain Reload Profiling:
	ReloadAssembly (2291ms)
		BeginReloadAssembly (257ms)
			ExecutionOrderSort (0ms)
			DisableScriptedObjects (10ms)
			BackupInstance (0ms)
			ReleaseScriptingObjects (0ms)
			CreateAndSetChildDomain (128ms)
		EndReloadAssembly (1778ms)
			LoadAssemblies (127ms)
			RebuildTransferFunctionScriptingTraits (0ms)
			SetupTypeCache (314ms)
			ReleaseScriptCaches (1ms)
			RebuildScriptCaches (72ms)
			SetupLoadedEditorAssemblies (1242ms)
				LogAssemblyErrors (0ms)
				InitializePlatformSupportModulesInManaged (29ms)
				SetLoadedEditorAssemblies (1ms)
				RefreshPlugins (2ms)
				BeforeProcessingInitializeOnLoad (142ms)
				ProcessInitializeOnLoadAttributes (1022ms)
				ProcessInitializeOnLoadMethodAttributes (39ms)
				AfterProcessingInitializeOnLoad (8ms)
				EditorAssembliesLoaded (0ms)
			ExecutionOrderSort2 (0ms)
			AwakeInstancesAfterBackupRestoration (8ms)
Platform modules already initialized, skipping
========================================================================
Worker process is ready to serve import requests
Launched and connected shader compiler UnityShaderCompiler.exe after 0.10 seconds
Refreshing native plugins compatible for Editor in 1.29 ms, found 3 plugins.
Preloading 0 native plugins for Editor in 0.00 ms.
Unloading 3779 Unused Serialized files (Serialized files now loaded: 0)
Unloading 24 unused Assets / (58.8 KB). Loaded Objects now: 4247.
Memory consumption went from 134.9 MB to 134.9 MB.
Total: 10.055500 ms (FindLiveObjects: 0.524900 ms CreateObjectMapping: 0.420600 ms MarkObjects: 8.965300 ms  DeleteObjects: 0.143300 ms)

AssetImportParameters requested are different than current active one (requested -> active):
  custom:video-decoder-ogg-theora: a1e56fd34408186e4bbccfd4996cb3dc -> 
  custom:container-muxer-webm: aa71ff27fc2769a1b78a27578f13a17b -> 
  custom:container-demuxer-webm: 4f35f7cbe854078d1ac9338744f61a02 -> 
  custom:video-encoder-webm-vp8: eb34c28f22e8b96e1ab97ce403110664 -> 
  custom:audio-encoder-webm-vorbis: bf7c407c2cedff20999df2af8eb42d56 -> 
  custom:framework-win-MediaFoundation: 216162199b28c13a410421893ffa2e32 -> 
  custom:container-demuxer-ogg: 62fdf1f143b41e24485cea50d1cbac27 -> 
  custom:video-decoder-webm-vp8: 9c59270c3fd7afecdb556c50c9e8de78 -> 
  custom:audio-decoder-ogg-vorbis: bf7c407c2cedff20999df2af8eb42d56 -> 
========================================================================
Received Import Request.
  Time since last request: 9480.770806 seconds.
  path: Assets/@Resources/Textures/DropItem/Diamond Green 1.tga
  artifactKey: Guid(eb24090f28edf2c45b94ad575d245968) Importer(815301076,1909f56bfc062723c751e8b465ee728b)
Start importing Assets/@Resources/Textures/DropItem/Diamond Green 1.tga using Guid(eb24090f28edf2c45b94ad575d245968) Importer(815301076,1909f56bfc062723c751e8b465ee728b)  -> (artifact id: 'd725674092c52e36deb0af7c1a819bf5') in 0.091310 seconds 
========================================================================
Received Import Request.
  Time since last request: 0.301235 seconds.
  path: Assets/@Resources/Textures/DropItem/Diamond Green 2.tga
  artifactKey: Guid(cf12d4f6481e2fb468aa46649ae726ca) Importer(815301076,1909f56bfc062723c751e8b465ee728b)
Start importing Assets/@Resources/Textures/DropItem/Diamond Green 2.tga using Guid(cf12d4f6481e2fb468aa46649ae726ca) Importer(815301076,1909f56bfc062723c751e8b465ee728b)  -> (artifact id: '65ee59bc64248ab13503923a0b73e43c') in 0.020868 seconds 
========================================================================
Received Import Request.
  Time since last request: 0.172564 seconds.
  path: Assets/@Resources/Textures/DropItem/Diamond Green 3.tga
  artifactKey: Guid(c2bef91332263af4bab9361542a702f8) Importer(815301076,1909f56bfc062723c751e8b465ee728b)
Start importing Assets/@Resources/Textures/DropItem/Diamond Green 3.tga using Guid(c2bef91332263af4bab9361542a702f8) Importer(815301076,1909f56bfc062723c751e8b465ee728b)  -> (artifact id: '5976ae5e9ae0f94dcb1a64db0bbe14cb') in 0.018061 seconds 
========================================================================
Received Import Request.
  Time since last request: 120.455363 seconds.
  path: Assets/@Resources/Textures/DropItem/Diamond Red.tga
  artifactKey: Guid(eb24090f28edf2c45b94ad575d245968) Importer(815301076,1909f56bfc062723c751e8b465ee728b)
Start importing Assets/@Resources/Textures/DropItem/Diamond Red.tga using Guid(eb24090f28edf2c45b94ad575d245968) Importer(815301076,1909f56bfc062723c751e8b465ee728b)  -> (artifact id: '9d1f98dda1bf8a20179872ac7591e46d') in 0.043501 seconds 
========================================================================
Received Import Request.
  Time since last request: 16.566443 seconds.
  path: Assets/@Resources/Textures/DropItem/Diamond Red.tga
  artifactKey: Guid(eb24090f28edf2c45b94ad575d245968) Importer(815301076,1909f56bfc062723c751e8b465ee728b)
Start importing Assets/@Resources/Textures/DropItem/Diamond Red.tga using Guid(eb24090f28edf2c45b94ad575d245968) Importer(815301076,1909f56bfc062723c751e8b465ee728b)  -> (artifact id: 'bc760a7ccf69e3165d02e3422b20daae') in 0.077457 seconds 
========================================================================
Received Import Request.
  Time since last request: 38.515137 seconds.
  path: Assets/@Resources/Prefabs/DropItem/DropItem_GreenGem 1.prefab
  artifactKey: Guid(dc9ebf34b73ed7a41aa521ff852f5af3) Importer(815301076,1909f56bfc062723c751e8b465ee728b)
Start importing Assets/@Resources/Prefabs/DropItem/DropItem_GreenGem 1.prefab using Guid(dc9ebf34b73ed7a41aa521ff852f5af3) Importer(815301076,1909f56bfc062723c751e8b465ee728b)  -> (artifact id: 'd583a4b251437431c2a806459b17fca5') in 0.134872 seconds 
========================================================================
Received Import Request.
  Time since last request: 0.104454 seconds.
  path: Assets/@Resources/Prefabs/DropItem/DropItem_GreenGem 2.prefab
  artifactKey: Guid(e4577faecd611d64d99b8a218173b19f) Importer(815301076,1909f56bfc062723c751e8b465ee728b)
Start importing Assets/@Resources/Prefabs/DropItem/DropItem_GreenGem 2.prefab using Guid(e4577faecd611d64d99b8a218173b19f) Importer(815301076,1909f56bfc062723c751e8b465ee728b)  -> (artifact id: '0033daf7460813837db878bf760f3ce5') in 0.018636 seconds 
========================================================================
Received Import Request.
  Time since last request: 0.321782 seconds.
  path: Assets/@Resources/Prefabs/DropItem/DropItem_GreenGem 3.prefab
  artifactKey: Guid(19745cb27f3b1b4498e5a23e61ea8f42) Importer(815301076,1909f56bfc062723c751e8b465ee728b)
Start importing Assets/@Resources/Prefabs/DropItem/DropItem_GreenGem 3.prefab using Guid(19745cb27f3b1b4498e5a23e61ea8f42) Importer(815301076,1909f56bfc062723c751e8b465ee728b)  -> (artifact id: 'da45a6ce7a0a53d548b299ec465ace67') in 0.018518 seconds 
========================================================================
Received Import Request.
  Time since last request: 9.489033 seconds.
  path: Assets/@Resources/Prefabs/DropItem/DropItem_GemRed.prefab
  artifactKey: Guid(dc9ebf34b73ed7a41aa521ff852f5af3) Importer(815301076,1909f56bfc062723c751e8b465ee728b)
Start importing Assets/@Resources/Prefabs/DropItem/DropItem_GemRed.prefab using Guid(dc9ebf34b73ed7a41aa521ff852f5af3) Importer(815301076,1909f56bfc062723c751e8b465ee728b)  -> (artifact id: '3f3a365017e9196a18a5f617cf193e54') in 0.024660 seconds 
========================================================================
Received Import Request.
  Time since last request: 7.179505 seconds.
  path: Assets/@Resources/Prefabs/DropItem/DropItem_GemGreen.prefab
  artifactKey: Guid(294400a0ca294384084dfba56bdf4c9a) Importer(815301076,1909f56bfc062723c751e8b465ee728b)
Start importing Assets/@Resources/Prefabs/DropItem/DropItem_GemGreen.prefab using Guid(294400a0ca294384084dfba56bdf4c9a) Importer(815301076,1909f56bfc062723c751e8b465ee728b)  -> (artifact id: '871aa955b1fbcb6e055615d5eb1ad9a8') in 0.056631 seconds 
========================================================================
Received Import Request.
  Time since last request: 439.946681 seconds.
  path: Assets/@Resources/Textures/DropItem/Diamond Green.png
  artifactKey: Guid(118f5849b6158484e9babc2806cb00cf) Importer(815301076,1909f56bfc062723c751e8b465ee728b)
Start importing Assets/@Resources/Textures/DropItem/Diamond Green.png using Guid(118f5849b6158484e9babc2806cb00cf) Importer(815301076,1909f56bfc062723c751e8b465ee728b)  -> (artifact id: '5f25f1dfc9331822ecd16f8dc37741c2') in 0.021257 seconds 
========================================================================
Received Import Request.
  Time since last request: 15.708708 seconds.
  path: Assets/@Resources/Prefabs/DropItem/DropItem_GemRed.prefab
  artifactKey: Guid(dc9ebf34b73ed7a41aa521ff852f5af3) Importer(815301076,1909f56bfc062723c751e8b465ee728b)
Start importing Assets/@Resources/Prefabs/DropItem/DropItem_GemRed.prefab using Guid(dc9ebf34b73ed7a41aa521ff852f5af3) Importer(815301076,1909f56bfc062723c751e8b465ee728b)  -> (artifact id: 'e84977d31f73a0793d4f34624d1ae951') in 0.043262 seconds 
========================================================================
Received Import Request.
  Time since last request: 0.309813 seconds.
  path: Assets/@Resources/Prefabs/DropItem/DropItem_GemGreen.prefab
  artifactKey: Guid(294400a0ca294384084dfba56bdf4c9a) Importer(815301076,1909f56bfc062723c751e8b465ee728b)
Start importing Assets/@Resources/Prefabs/DropItem/DropItem_GemGreen.prefab using Guid(294400a0ca294384084dfba56bdf4c9a) Importer(815301076,1909f56bfc062723c751e8b465ee728b)  -> (artifact id: 'e22a05794cb5f6eea0b1021a0296c243') in 0.020022 seconds 
========================================================================
Received Import Request.
  Time since last request: 21.600496 seconds.
  path: Assets/@Resources/Textures/DropItem/Diamond Green.tga
  artifactKey: Guid(abbdedd41582de847898be46a0e464cb) Importer(815301076,1909f56bfc062723c751e8b465ee728b)
Start importing Assets/@Resources/Textures/DropItem/Diamond Green.tga using Guid(abbdedd41582de847898be46a0e464cb) Importer(815301076,1909f56bfc062723c751e8b465ee728b)  -> (artifact id: 'b5ba532fbe194271c4714c3fa029d058') in 0.033906 seconds 
========================================================================
Received Import Request.
  Time since last request: 1119.796657 seconds.
  path: Packages/com.unity.collab-proxy/Editor/Collaborate/Assets/Icons/edited-file-light.png
  artifactKey: Guid(33c1613cec3e57243baaa6b3dba6fec5) Importer(815301076,1909f56bfc062723c751e8b465ee728b)
Start importing Packages/com.unity.collab-proxy/Editor/Collaborate/Assets/Icons/edited-file-light.png using Guid(33c1613cec3e57243baaa6b3dba6fec5) Importer(815301076,1909f56bfc062723c751e8b465ee728b)  -> (artifact id: '8a332dd6e3c9f2fe28b9f8fd861e98bf') in 0.255385 seconds 
========================================================================
Received Import Request.
  Time since last request: 0.000229 seconds.
  path: Packages/com.unity.collab-proxy/Editor/PlasticSCM/Assets/Images/iconaddedlocal.png
  artifactKey: Guid(9a1ab8af8c446204e989a90f18305caf) Importer(815301076,1909f56bfc062723c751e8b465ee728b)
Start importing Packages/com.unity.collab-proxy/Editor/PlasticSCM/Assets/Images/iconaddedlocal.png using Guid(9a1ab8af8c446204e989a90f18305caf) Importer(815301076,1909f56bfc062723c751e8b465ee728b)  -> (artifact id: '1316516f4822ad4c0fd1044802ab6af7') in 0.440634 seconds 
========================================================================
Received Import Request.
  Time since last request: 0.000057 seconds.
  path: Packages/com.unity.collab-proxy/Editor/PlasticSCM/Assets/Images/iconaddedlocal@2x.png
  artifactKey: Guid(a67b58d6cddcd4345b1e001340de5a76) Importer(815301076,1909f56bfc062723c751e8b465ee728b)
Start importing Packages/com.unity.collab-proxy/Editor/PlasticSCM/Assets/Images/iconaddedlocal@2x.png using Guid(a67b58d6cddcd4345b1e001340de5a76) Importer(815301076,1909f56bfc062723c751e8b465ee728b)  -> (artifact id: '685e7f9eec96a5be43444126af5a920d') in 0.079447 seconds 
========================================================================
Received Import Request.
  Time since last request: 0.000059 seconds.
  path: Packages/com.unity.collab-proxy/Editor/PlasticSCM/Assets/Images/iconcheckedoutlocaloverlay@2x.png
  artifactKey: Guid(3999034958d54364da380a8839a11050) Importer(815301076,1909f56bfc062723c751e8b465ee728b)
Start importing Packages/com.unity.collab-proxy/Editor/PlasticSCM/Assets/Images/iconcheckedoutlocaloverlay@2x.png using Guid(3999034958d54364da380a8839a11050) Importer(815301076,1909f56bfc062723c751e8b465ee728b)  -> (artifact id: '0d2c287505a453b0308842ba337bf325') in 0.103662 seconds 
========================================================================
Received Import Request.
  Time since last request: 0.000045 seconds.
  path: Packages/com.unity.collab-proxy/Editor/PlasticSCM/Assets/Images/iconaddedoverlay@2x.png
  artifactKey: Guid(74ef721fef79c44489d4e3edb0ab0c01) Importer(815301076,1909f56bfc062723c751e8b465ee728b)
Start importing Packages/com.unity.collab-proxy/Editor/PlasticSCM/Assets/Images/iconaddedoverlay@2x.png using Guid(74ef721fef79c44489d4e3edb0ab0c01) Importer(815301076,1909f56bfc062723c751e8b465ee728b)  -> (artifact id: '0540f027a4d543582f1efc36f2323bbf') in 0.105328 seconds 
========================================================================
Received Import Request.
  Time since last request: 0.000141 seconds.
  path: Packages/com.unity.collab-proxy/Editor/PlasticSCM/Assets/Images/iconclosebutton.png
  artifactKey: Guid(13527793884104b46b7446fd7464c3ed) Importer(815301076,1909f56bfc062723c751e8b465ee728b)
Start importing Packages/com.unity.collab-proxy/Editor/PlasticSCM/Assets/Images/iconclosebutton.png using Guid(13527793884104b46b7446fd7464c3ed) Importer(815301076,1909f56bfc062723c751e8b465ee728b)  -> (artifact id: '535379dc87917feadf225713168bd924') in 0.074296 seconds 
========================================================================
Received Import Request.
  Time since last request: 0.000048 seconds.
  path: Packages/com.unity.services.core/Editor/Core/UiHelpers/Images/ExternalLinkIcon.png
  artifactKey: Guid(dcfa8e537229b4e8db4c6bc39a906c89) Importer(815301076,1909f56bfc062723c751e8b465ee728b)
Start importing Packages/com.unity.services.core/Editor/Core/UiHelpers/Images/ExternalLinkIcon.png using Guid(dcfa8e537229b4e8db4c6bc39a906c89) Importer(815301076,1909f56bfc062723c751e8b465ee728b)  -> (artifact id: 'e009d5e07f0126ca585fceca07559f3d') in 0.203244 seconds 
========================================================================
Received Import Request.
  Time since last request: 0.000049 seconds.
  path: Packages/com.unity.collab-proxy/Editor/PlasticSCM/Assets/Images/iconconflicted.png
  artifactKey: Guid(d1c88f142eee55b4eb2b2cfd7b3624ce) Importer(815301076,1909f56bfc062723c751e8b465ee728b)
Start importing Packages/com.unity.collab-proxy/Editor/PlasticSCM/Assets/Images/iconconflicted.png using Guid(d1c88f142eee55b4eb2b2cfd7b3624ce) Importer(815301076,1909f56bfc062723c751e8b465ee728b)  -> (artifact id: '2c9aec340ae371ae63890903edce399b') in 0.072264 seconds 
========================================================================
Received Import Request.
  Time since last request: 0.000053 seconds.
  path: Packages/com.unity.collab-proxy/Editor/PlasticSCM/Assets/Images/iconbranch.png
  artifactKey: Guid(a6219d44b6fc910449f7c3fee45db5c5) Importer(815301076,1909f56bfc062723c751e8b465ee728b)
Start importing Packages/com.unity.collab-proxy/Editor/PlasticSCM/Assets/Images/iconbranch.png using Guid(a6219d44b6fc910449f7c3fee45db5c5) Importer(815301076,1909f56bfc062723c751e8b465ee728b)  -> (artifact id: '78fc5748c16502651ea93b25d9625650') in 0.104987 seconds 
========================================================================
Received Import Request.
  Time since last request: 0.000043 seconds.
  path: Packages/com.unity.collab-proxy/Editor/PlasticSCM/Assets/Images/iconconflicted@2x.png
  artifactKey: Guid(f95f697d66d238446b1ab717def09945) Importer(815301076,1909f56bfc062723c751e8b465ee728b)
Start importing Packages/com.unity.collab-proxy/Editor/PlasticSCM/Assets/Images/iconconflicted@2x.png using Guid(f95f697d66d238446b1ab717def09945) Importer(815301076,1909f56bfc062723c751e8b465ee728b)  -> (artifact id: '60ff16f01fc462a5228bea4c6decbf4f') in 0.124752 seconds 
========================================================================
Received Import Request.
  Time since last request: 33.603189 seconds.
  path: Packages/com.unity.collab-proxy/Editor/Collaborate/Assets/Icons/deleted-file-dark.png
  artifactKey: Guid(ce3ca6a541b5fbc4c80edb5195d78731) Importer(815301076,1909f56bfc062723c751e8b465ee728b)
Start importing Packages/com.unity.collab-proxy/Editor/Collaborate/Assets/Icons/deleted-file-dark.png using Guid(ce3ca6a541b5fbc4c80edb5195d78731) Importer(815301076,1909f56bfc062723c751e8b465ee728b)  -> (artifact id: '18479227965ef1b7a775232336fd9c54') in 0.148868 seconds 
========================================================================
Received Import Request.
  Time since last request: 0.000524 seconds.
  path: Packages/com.unity.timeline/Editor/StyleSheets/Images/Icons/d_TrackRecordButtonDisabled@2x.png
  artifactKey: Guid(db15c78579dee4a4db85f392634c8ecc) Importer(815301076,1909f56bfc062723c751e8b465ee728b)
Start importing Packages/com.unity.timeline/Editor/StyleSheets/Images/Icons/d_TrackRecordButtonDisabled@2x.png using Guid(db15c78579dee4a4db85f392634c8ecc) Importer(815301076,1909f56bfc062723c751e8b465ee728b)  -> (artifact id: 'eb1cada52270da530223cfa1d2361a61') in 0.170991 seconds 
========================================================================
Received Import Request.
  Time since last request: 0.000077 seconds.
  path: Packages/com.unity.timeline/Editor/StyleSheets/Images/Icons/d_TrackMuteButtonEnabled@2x.png
  artifactKey: Guid(e54e20c7a9730fe4c822d63228527ae4) Importer(815301076,1909f56bfc062723c751e8b465ee728b)
Start importing Packages/com.unity.timeline/Editor/StyleSheets/Images/Icons/d_TrackMuteButtonEnabled@2x.png using Guid(e54e20c7a9730fe4c822d63228527ae4) Importer(815301076,1909f56bfc062723c751e8b465ee728b)  -> (artifact id: 'd568898cef18632c953df56b2fec0c07') in 0.123981 seconds 
========================================================================
Received Import Request.
  Time since last request: 0.000064 seconds.
  path: Packages/com.unity.timeline/Editor/StyleSheets/Images/Icons/d_TrackMarkerButtonDisabled@2x.png
  artifactKey: Guid(77d926c9a4ddcc940b8c000b45cbfb35) Importer(815301076,1909f56bfc062723c751e8b465ee728b)
Start importing Packages/com.unity.timeline/Editor/StyleSheets/Images/Icons/d_TrackMarkerButtonDisabled@2x.png using Guid(77d926c9a4ddcc940b8c000b45cbfb35) Importer(815301076,1909f56bfc062723c751e8b465ee728b)  -> (artifact id: 'ab6fa0a6a9929f263dd9662b9bf1e2f4') in 0.101589 seconds 
========================================================================
Received Import Request.
  Time since last request: 0.000056 seconds.
  path: Packages/com.unity.timeline/Editor/StyleSheets/Images/Icons/d_TrackMarkerButtonEnabled@2x.png
  artifactKey: Guid(6192986415256ca47a97a97507406f5e) Importer(815301076,1909f56bfc062723c751e8b465ee728b)
Start importing Packages/com.unity.timeline/Editor/StyleSheets/Images/Icons/d_TrackMarkerButtonEnabled@2x.png using Guid(6192986415256ca47a97a97507406f5e) Importer(815301076,1909f56bfc062723c751e8b465ee728b)  -> (artifact id: '1e464d5017b880d025ce65a3a193975c') in 0.066005 seconds 
========================================================================
Received Import Request.
  Time since last request: 0.000048 seconds.
  path: Packages/com.unity.timeline/Editor/StyleSheets/Images/Icons/d_TrackRecordButtonEnabled@2x.png
  artifactKey: Guid(0f1c9a12872a30f45bab34f536332bb3) Importer(815301076,1909f56bfc062723c751e8b465ee728b)
Start importing Packages/com.unity.timeline/Editor/StyleSheets/Images/Icons/d_TrackRecordButtonEnabled@2x.png using Guid(0f1c9a12872a30f45bab34f536332bb3) Importer(815301076,1909f56bfc062723c751e8b465ee728b)  -> (artifact id: '7067afcc97fd3d25d63e8a6051ef6515') in 0.082219 seconds 
========================================================================
Received Import Request.
  Time since last request: 0.000046 seconds.
  path: Packages/com.unity.timeline/Editor/StyleSheets/Images/Icons/d_TrackMuteButtonDisabled@2x.png
  artifactKey: Guid(9c706019afb28944eb19b500ea0da38c) Importer(815301076,1909f56bfc062723c751e8b465ee728b)
Start importing Packages/com.unity.timeline/Editor/StyleSheets/Images/Icons/d_TrackMuteButtonDisabled@2x.png using Guid(9c706019afb28944eb19b500ea0da38c) Importer(815301076,1909f56bfc062723c751e8b465ee728b)  -> (artifact id: '2f6ea244e8268eeb97c58881f23bcc2e') in 0.116364 seconds 
Editor requested this worker to shutdown with reason: Scaling down because of idle timeout
AssetImportWorkerClient::OnTransportError - code=2 error=End of file
AssetImportWorker is now disconnected from the server
Process exiting
Exiting without the bug reporter. Application will terminate with return code 0